GET /
GET /
GET /fees
GET /att
GET /att
GET /ums
GET /fees
GET /
GET /
GET /fees
GET /ums
GET /
GET /
GET /att
GET /att
GET /fees
GET /ums
GET /ums
GET /ums
GET /ums
GET /ums
GET /ums
GET /ums
GET /ums
GET /ums
GET /ums
GET /ums
GET /ums
GET /fees
GET /att
GET /att
GET /
GET /
GET /
GET /
GET /ums
GET /
GET /
GET /
GET /
GET /
GET /
GET /
GET /
GET /
GET /
GET /ums
GET /
GET /
GET /
GET /
GET /ums
GET /
GET /
GET /
GET /
GET /ums
GET /
GET /
GET /
GET /
GET /ums
GET /
GET /
GET /
GET /
GET /
GET /
GET /ums
GET /
GET /
GET /
GET /
GET /ums
GET /
GET /
GET /
GET /
GET /
GET /
GET /
GET /
GET /ums
GET /
GET /
GET /
GET /
GET /
GET /
GET /
GET /
GET /
GET /
GET /
GET /
GET /
GET /
GET /
GET /
GET /
GET /
GET /
GET /
GET /
GET /
GET /
GET /
GET /
GET /
GET /
GET /
GET /
GET /
GET /ums
GET /fees
GET /att
GET /att
GET /
GET /
GET /att
GET /att
GET /att
GET /att
GET /att
GET /att
GET /att
GET /att
GET /att
GET /att
GET /
GET /
GET /favicon.ico
GET /att
GET /att
GET /fees
GET /ums
GET /fees
GET /ums
GET /fees
GET /att
GET /att
GET /
GET /
GET /att
GET /att
GET /fees
GET /ums
GET /
GET /
GET /
GET /
GET /ums
GET /fees
GET /att
GET /att
GET /
GET /
GET /att
GET /att
GET /ums
GET /fees
GET /fees
GET /fees
GET /fees
GET /ums
GET /ttbl
GET /ttbl
GET /att
GET /att
GET /ttbl
GET /
GET /
GET /ttbl
GET /att
GET /att
GET /ttbl
GET /fees
GET /ttbl
GET /fees
GET /ums
GET /fees
GET /att
GET /att
GET /fees
GET /fees
GET /fees
GET /fees
GET /fees
GET /fees
GET /fees
GET /fees
GET /fees
GET /fees
GET /fees
GET /fees
GET /fees
GET /att
GET /att
GET /fees
GET /fees
GET /att
GET /att
GET /att
GET /att
GET /att
GET /att
GET /att
GET /att
GET /att
GET /att
GET /att
GET /att
GET /att
GET /att
GET /att
GET /att
GET /att
GET /att
GET /att
GET /att
GET /fees
GET /ums
GET /fees
GET /fees
GET /fees
GET /fees
GET /fees
GET /fees
GET /att
GET /att
GET /fees
GET /att
GET /att
GET /ums
GET /
GET /
GET /att
GET /att
GET /fees
GET /fees
GET /att
GET /att
GET /att
GET /att
GET /ums
GET /fees
GET /att
GET /att
GET /
GET /
GET /
GET /
GET /ums
GET /
GET /
GET /att
GET /att
GET /fees
GET /ums
GET /
GET /
GET /att
GET /att
GET /fees
GET /ums
GET /
GET /
GET /att
GET /att
GET /fees
GET /ums
GET /ums
GET /ums
GET /fees
GET /ums
GET /ums
GET /ums
GET /ums
GET /ums
GET /ums
GET /ums
GET /ums
GET /ums
GET /ums
GET /ums
GET /ums
GET /fees
GET /
GET /
GET /
GET /
GET /favicon.ico
GET /
GET /
GET /
GET /
GET /favicon.ico
GET /att
GET /att
GET /fees
GET /ums
GET /fees
GET /att
GET /att
GET /
GET /
GET /att
GET /att
GET /fees
GET /ums
GET /fees
GET /att
GET /att
GET /
GET /
GET /fees
GET /ums
GET /fees
GET /
GET /
GET /att
GET /att
GET /att
GET /att
GET /att
GET /att
GET /att
GET /att
GET /
GET /
GET /att
GET /att
GET /fees
GET /ums
GET /
GET /
GET /att
GET /att
GET /fees
GET /att
GET /att
GET /ums
